<?xml version="1.0" encoding="UTF-8"?>
<!-- Generated by org.testng.reporters.JUnitReportReporter -->
<testsuite skipped="0" hostname="Neelam" name="MoneyHans.moneyHansNG" tests="3" failures="0" timestamp="1 Nov 2016 07:28:24 GMT" time="26.940" errors="0">
  <testcase name="verifyOnFirefox" time="14.138" classname="MoneyHans.moneyHansNG"/>
  <testcase name="verifyOnChrome" time="8.643" classname="MoneyHans.moneyHansNG"/>
  <testcase name="verifyOnIE" time="4.159" classname="MoneyHans.moneyHansNG"/>
</testsuite> <!-- MoneyHans.moneyHansNG -->
