<?xml version="1.0" encoding="UTF-8"?>
<!-- Generated by org.testng.reporters.JUnitReportReporter -->
<testsuite skipped="0" hostname="Neelam" name="MoneyHans.moneyHansMicrosoftEdge" tests="1" failures="0" timestamp="1 Nov 2016 17:04:40 GMT" time="11.760" errors="0">
  <testcase name="verifyOnIE" time="11.760" classname="MoneyHans.moneyHansMicrosoftEdge"/>
</testsuite> <!-- MoneyHans.moneyHansMicrosoftEdge -->
