<?xml version="1.0" encoding="UTF-8"?>
<!-- Generated by org.testng.reporters.JUnitReportReporter -->
<testsuite skipped="0" hostname="Neelam" name="MoneyHans.WebServices" tests="1" failures="0" timestamp="4 Nov 2016 03:10:16 GMT" time="0.393" errors="0">
  <testcase name="aptTesting" time="0.393" classname="MoneyHans.WebServices"/>
</testsuite> <!-- MoneyHans.WebServices -->
