<?xml version="1.0" encoding="UTF-8"?>
<!-- Generated by org.testng.reporters.JUnitReportReporter -->
<testsuite skipped="1" hostname="Neelam" name="MoneyHans.moneyHansChrome" tests="1" failures="0" timestamp="6 Nov 2016 06:48:36 GMT" time="0.001" errors="0">
  <testcase name="verifyOnChrome" time="0.001" classname="MoneyHans.moneyHansChrome">
    <skipped/>
  </testcase> <!-- verifyOnChrome -->
</testsuite> <!-- MoneyHans.moneyHansChrome -->
