<?xml version="1.0" encoding="UTF-8"?>
<!-- Generated by org.testng.reporters.JUnitReportReporter -->
<testsuite skipped="0" hostname="Neelam" name="mobileAppAutomation.moneyHansMobile" tests="1" failures="0" timestamp="7 Nov 2016 12:36:15 GMT" time="19.795" errors="0">
  <testcase name="mobileTest" time="19.795" classname="mobileAppAutomation.moneyHansMobile"/>
</testsuite> <!-- mobileAppAutomation.moneyHansMobile -->
